<?xml version="1.0" encoding="UTF-8"?>
<!-- Generated by org.testng.reporters.JUnitReportReporter -->
<testsuite hostname="Welcome-PC" name="com.pageObjects.DashBoardTest" tests="1" failures="0" timestamp="21 May 2014 13:15:30 GMT" time="0.920" errors="0">
  <testcase name="tasks" time="0.920" classname="com.pageObjects.DashBoardTest"/>
</testsuite> <!-- com.pageObjects.DashBoardTest -->
