<?xml version="1.0" encoding="UTF-8"?>
<!-- Generated by org.testng.reporters.JUnitReportReporter -->
<testsuite hostname="Welcome-PC" name="com.Testing.LoginTest" tests="2" failures="0" timestamp="22 May 2014 13:05:58 GMT" time="5.742" errors="0">
  <testcase name="failLogin" time="2.169" classname="com.Testing.LoginTest"/>
  <testcase name="successLogin" time="3.573" classname="com.Testing.LoginTest"/>
</testsuite> <!-- com.Testing.LoginTest -->
