<?xml version="1.0" encoding="UTF-8"?>
<!-- Generated by org.testng.reporters.JUnitReportReporter -->
<testsuite hostname="Welcome-PC" name="testing.LoginTest" tests="2" failures="0" timestamp="28 May 2014 15:19:42 GMT" time="5.079" errors="0">
  <testcase name="successLogin" time="3.099" classname="testing.LoginTest"/>
  <testcase name="failLogin" time="1.980" classname="testing.LoginTest"/>
</testsuite> <!-- testing.LoginTest -->
